<?xml version="1.0" encoding="UTF-8"?>
<testng-results skipped="0" failed="0" ignored="0" total="1" passed="1">
  <reporter-output>
  </reporter-output>
  <suite name="Suite" duration-ms="32007" started-at="2019-08-28T12:00:07 IST" finished-at="2019-08-28T12:00:39 IST">
    <groups>
    </groups>
    <test name="Test" duration-ms="32007" started-at="2019-08-28T12:00:07 IST" finished-at="2019-08-28T12:00:39 IST">
      <class name="com.TestUtility.Testurl">
        <test-method status="PASS" signature="startMessage()[pri:0, instance:com.TestUtility.Testurl@1a968a59]" name="startMessage" is-config="true" duration-ms="24" started-at="2019-08-28T12:00:07 IST" finished-at="2019-08-28T12:00:07 IST">
          <reporter-output>
          </reporter-output>
        </test-method> <!-- startMessage -->
        <test-method status="PASS" signature="test()[pri:0, instance:com.TestUtility.Testurl@1a968a59]" name="test" duration-ms="31963" started-at="2019-08-28T12:00:07 IST" finished-at="2019-08-28T12:00:39 IST">
          <reporter-output>
          </reporter-output>
        </test-method> <!-- test -->
        <test-method status="PASS" signature="endingMessage()[pri:0, instance:com.TestUtility.Testurl@1a968a59]" name="endingMessage" is-config="true" duration-ms="0" started-at="2019-08-28T12:00:39 IST" finished-at="2019-08-28T12:00:39 IST">
          <reporter-output>
          </reporter-output>
        </test-method> <!-- endingMessage -->
      </class> <!-- com.TestUtility.Testurl -->
    </test> <!-- Test -->
  </suite> <!-- Suite -->
</testng-results>
