<?xml version="1.0" encoding="UTF-8"?>
<testng-results skipped="0" failed="0" ignored="0" total="1" passed="1">
  <reporter-output>
  </reporter-output>
  <suite name="Default suite" duration-ms="36083" started-at="2019-08-28T11:35:01Z" finished-at="2019-08-28T11:35:37Z">
    <groups>
    </groups>
    <test name="Default test" duration-ms="36083" started-at="2019-08-28T11:35:01Z" finished-at="2019-08-28T11:35:37Z">
      <class name="com.TestUtility.Testurl">
        <test-method status="PASS" signature="startMessage()[pri:0, instance:com.TestUtility.Testurl@59f99ea]" name="startMessage" is-config="true" duration-ms="23" started-at="2019-08-28T11:35:01Z" finished-at="2019-08-28T11:35:01Z">
          <reporter-output>
          </reporter-output>
        </test-method> <!-- startMessage -->
        <test-method status="PASS" signature="test()[pri:0, instance:com.TestUtility.Testurl@59f99ea]" name="test" duration-ms="36045" started-at="2019-08-28T11:35:01Z" finished-at="2019-08-28T11:35:37Z">
          <reporter-output>
          </reporter-output>
        </test-method> <!-- test -->
        <test-method status="PASS" signature="endingMessage()[pri:0, instance:com.TestUtility.Testurl@59f99ea]" name="endingMessage" is-config="true" duration-ms="0" started-at="2019-08-28T11:35:37Z" finished-at="2019-08-28T11:35:37Z">
          <reporter-output>
          </reporter-output>
        </test-method> <!-- endingMessage -->
      </class> <!-- com.TestUtility.Testurl -->
    </test> <!-- Default test -->
  </suite> <!-- Default suite -->
</testng-results>
